# JRE version: OpenJDK Runtime Environment Temurin-17.0.3+7 (17.0.3+7) (build 17.0.3+7)
# Java VM: OpenJDK 64-Bit Server VM Temurin-17.0.3+7 (17.0.3+7, mixed mode, emulated-client, tiered, compressed oops, compressed class ptrs, g1 gc, windows-amd64)
GC Precious Log:
 CPUs: 16 total, 16 available
 Memory: 15775M
 Large Page Support: Disabled
 NUMA Support: Disabled
 Compressed Oops: Enabled (Zero based)
 Heap Region Size: 2M
 Heap Min Capacity: 8M
 Heap Initial Capacity: 248M
 Heap Max Capacity: 3944M
 Pre-touch: Disabled
 Parallel Workers: 13
 Concurrent Workers: 3
 Concurrent Refinement Workers: 13
 Periodic GC: Disabled
Heap:
 garbage-first heap   total 131072K, used 36560K [0x0000000709800000, 0x0000000800000000)
  region size 2048K, 1 young (2048K), 0 survivors (0K)
 Metaspace       used 52149K, committed 52672K, reserved 1097728K
  class space    used 6869K, committed 7104K, reserved 1048576K
GC Heap History (20 events):
Event: 8120.261 GC heap before
{Heap before GC invocations=779 (full 752):
 garbage-first heap   total 131072K, used 36560K [0x0000000709800000, 0x0000000800000000)
  region size 2048K, 1 young (2048K), 0 survivors (0K)
 Metaspace       used 52149K, committed 52672K, reserved 1097728K
  class space    used 6869K, committed 7104K, reserved 1048576K
}
Event: 8120.280 GC heap after
{Heap after GC invocations=780 (full 753):
 garbage-first heap   total 131072K, used 36560K [0x0000000709800000, 0x0000000800000000)
  region size 2048K, 0 young (0K), 0 survivors (0K)
 Metaspace       used 52149K, committed 52672K, reserved 1097728K
  class space    used 6869K, committed 7104K, reserved 1048576K
}
Event: 8130.363 GC heap before
{Heap before GC invocations=780 (full 753):
 garbage-first heap   total 131072K, used 36560K [0x0000000709800000, 0x0000000800000000)
  region size 2048K, 1 young (2048K), 0 survivors (0K)
 Metaspace       used 52149K, committed 52672K, reserved 1097728K
  class space    used 6869K, committed 7104K, reserved 1048576K
}
Event: 8130.381 GC heap after
{Heap after GC invocations=781 (full 754):
 garbage-first heap   total 131072K, used 36560K [0x0000000709800000, 0x0000000800000000)
  region size 2048K, 0 young (0K), 0 survivors (0K)
 Metaspace       used 52149K, committed 52672K, reserved 1097728K
  class space    used 6869K, committed 7104K, reserved 1048576K
}
Event: 8140.476 GC heap before
{Heap before GC invocations=781 (full 754):
 garbage-first heap   total 131072K, used 36560K [0x0000000709800000, 0x0000000800000000)
  region size 2048K, 1 young (2048K), 0 survivors (0K)
 Metaspace       used 52149K, committed 52672K, reserved 1097728K
  class space    used 6869K, committed 7104K, reserved 1048576K
}
Event: 8140.495 GC heap after
{Heap after GC invocations=782 (full 755):
 garbage-first heap   total 131072K, used 36560K [0x0000000709800000, 0x0000000800000000)
  region size 2048K, 0 young (0K), 0 survivors (0K)
 Metaspace       used 52149K, committed 52672K, reserved 1097728K
  class space    used 6869K, committed 7104K, reserved 1048576K
}
Event: 8150.588 GC heap before
{Heap before GC invocations=782 (full 755):
 garbage-first heap   total 131072K, used 36560K [0x0000000709800000, 0x0000000800000000)
  region size 2048K, 1 young (2048K), 0 survivors (0K)
 Metaspace       used 52149K, committed 52672K, reserved 1097728K
  class space    used 6869K, committed 7104K, reserved 1048576K
}
Event: 8150.608 GC heap after
{Heap after GC invocations=783 (full 756):
 garbage-first heap   total 131072K, used 36560K [0x0000000709800000, 0x0000000800000000)
  region size 2048K, 0 young (0K), 0 survivors (0K)
 Metaspace       used 52149K, committed 52672K, reserved 1097728K
  class space    used 6869K, committed 7104K, reserved 1048576K
}
Event: 8161.302 GC heap before
{Heap before GC invocations=783 (full 756):
 garbage-first heap   total 131072K, used 36560K [0x0000000709800000, 0x0000000800000000)
  region size 2048K, 1 young (2048K), 0 survivors (0K)
 Metaspace       used 52149K, committed 52672K, reserved 1097728K
  class space    used 6869K, committed 7104K, reserved 1048576K
}
Event: 8161.349 GC heap after
{Heap after GC invocations=784 (full 757):
 garbage-first heap   total 131072K, used 36560K [0x0000000709800000, 0x0000000800000000)
  region size 2048K, 0 young (0K), 0 survivors (0K)
 Metaspace       used 52149K, committed 52672K, reserved 1097728K
  class space    used 6869K, committed 7104K, reserved 1048576K
}
Event: 8171.699 GC heap before
{Heap before GC invocations=784 (full 757):
 garbage-first heap   total 131072K, used 36560K [0x0000000709800000, 0x0000000800000000)
  region size 2048K, 1 young (2048K), 0 survivors (0K)
 Metaspace       used 52149K, committed 52672K, reserved 1097728K
  class space    used 6869K, committed 7104K, reserved 1048576K
}
Event: 8171.741 GC heap after
{Heap after GC invocations=785 (full 758):
 garbage-first heap   total 131072K, used 36560K [0x0000000709800000, 0x0000000800000000)
  region size 2048K, 0 young (0K), 0 survivors (0K)
 Metaspace       used 52149K, committed 52672K, reserved 1097728K
  class space    used 6869K, committed 7104K, reserved 1048576K
}
Event: 8182.774 GC heap before
{Heap before GC invocations=785 (full 758):
 garbage-first heap   total 131072K, used 36560K [0x0000000709800000, 0x0000000800000000)
  region size 2048K, 1 young (2048K), 0 survivors (0K)
 Metaspace       used 52149K, committed 52672K, reserved 1097728K
  class space    used 6869K, committed 7104K, reserved 1048576K
}
Event: 8182.933 GC heap after
{Heap after GC invocations=786 (full 759):
 garbage-first heap   total 131072K, used 36560K [0x0000000709800000, 0x0000000800000000)
  region size 2048K, 0 young (0K), 0 survivors (0K)
 Metaspace       used 52149K, committed 52672K, reserved 1097728K
  class space    used 6869K, committed 7104K, reserved 1048576K
}
Event: 8197.617 GC heap before
{Heap before GC invocations=786 (full 759):
 garbage-first heap   total 131072K, used 36560K [0x0000000709800000, 0x0000000800000000)
  region size 2048K, 1 young (2048K), 0 survivors (0K)
 Metaspace       used 52149K, committed 52672K, reserved 1097728K
  class space    used 6869K, committed 7104K, reserved 1048576K
}
Event: 8197.819 GC heap after
{Heap after GC invocations=787 (full 760):
 garbage-first heap   total 131072K, used 36560K [0x0000000709800000, 0x0000000800000000)
  region size 2048K, 0 young (0K), 0 survivors (0K)
 Metaspace       used 52149K, committed 52672K, reserved 1097728K
  class space    used 6869K, committed 7104K, reserved 1048576K
}
Event: 8214.177 GC heap before
{Heap before GC invocations=787 (full 760):
 garbage-first heap   total 131072K, used 36560K [0x0000000709800000, 0x0000000800000000)
  region size 2048K, 1 young (2048K), 0 survivors (0K)
 Metaspace       used 52149K, committed 52672K, reserved 1097728K
  class space    used 6869K, committed 7104K, reserved 1048576K
}
Event: 8214.264 GC heap after
{Heap after GC invocations=788 (full 761):
 garbage-first heap   total 131072K, used 36560K [0x0000000709800000, 0x0000000800000000)
  region size 2048K, 0 young (0K), 0 survivors (0K)
 Metaspace       used 52149K, committed 52672K, reserved 1097728K
  class space    used 6869K, committed 7104K, reserved 1048576K
}
Event: 8226.456 GC heap before
{Heap before GC invocations=788 (full 761):
 garbage-first heap   total 131072K, used 36560K [0x0000000709800000, 0x0000000800000000)
  region size 2048K, 1 young (2048K), 0 survivors (0K)
 Metaspace       used 52149K, committed 52672K, reserved 1097728K
  class space    used 6869K, committed 7104K, reserved 1048576K
}
Event: 8226.570 GC heap after
{Heap after GC invocations=789 (full 762):
 garbage-first heap   total 131072K, used 36560K [0x0000000709800000, 0x0000000800000000)
  region size 2048K, 0 young (0K), 0 survivors (0K)
 Metaspace       used 52149K, committed 52672K, reserved 1097728K
  class space    used 6869K, committed 7104K, reserved 1048576K
}

